0:100  0:100  MemLog inited, TSC freq: 2304351160
0:100  0:000  CPU was calibrated with RTC
0:100  0:000  
0:100  0:000  Now is 23.04.2020,  23:36:46 (GMT)
0:100  0:000  Starting Clover revision: 5102 (master, commit 12d559ae) on American Megatrends EFI
0:100  0:000  Build with: [Args: -D NO_GRUB_DRIVERS_EMBEDDED -t GCC53 | -D NO_GRUB_DRIVERS_EMBEDDED --conf=/Users/sergey/src/CloverHackyColor/Conf -D USE_LOW_EBDA -a X64 -b RELEASE -t GCC53 -n 5 | OS: 10.14.6]
0:100  0:000  SelfDevicePath=PciRoot(0x0)\Pci(0x17,0x0)\Sata(0x2,0xFFFF,0x0)\HD(5,GPT,74DD48A5-3877-40C8-9584-AF1B3CD66D7B,0x3A2BE800,0xC7800) @75515B18
0:100  0:000  SelfDirPath = \EFI\BOOT
0:101  0:001  SimpleTextEx Status=Success
0:101  0:000  === [ Get Smbios ] ========================================
0:101  0:000  Type 16 Index = 0
0:101  0:000  Total Memory Slots Count = 2
0:102  0:000  Type 17 Index = 0
0:102  0:000  SmbiosTable.Type17->Speed = 2400MHz
0:102  0:000  SmbiosTable.Type17->Size = 8192MB
0:102  0:000  SmbiosTable.Type17->Bank/Device = Memory Channel A SODIMM1
0:102  0:000  SmbiosTable.Type17->Vendor = Kingston
0:102  0:000  SmbiosTable.Type17->SerialNumber = 0298D56B
0:102  0:000  SmbiosTable.Type17->PartNumber = 99P5700-002.A00G    
0:102  0:000  Type 17 Index = 1
0:102  0:000  Ignoring insane frequency value 0MHz
0:102  0:000  SmbiosTable.Type17->Speed = 0MHz
0:102  0:000  SmbiosTable.Type17->Size = 0MB
0:102  0:000  SmbiosTable.Type17->Bank/Device = Memory Channel B SODIMM2
0:102  0:000  SmbiosTable.Type17->Vendor = <null string>
0:102  0:000  SmbiosTable.Type17->SerialNumber = <null string>
0:102  0:000  SmbiosTable.Type17->PartNumber = <null string>
0:102  0:000  Boot status=0
0:102  0:000  Running on: 'NUC8i5BEH' with board 'NUC8BEB'
0:102  0:000  === [ GetCPUProperties ] ==================================
0:102  0:000  CPU Vendor = 756E6547 Model=806EA
0:102  0:000   The CPU supported SSE4.1
0:102  0:000  BrandString = Intel(R) Core(TM) i5-8259U CPU @ 2.30GHz
0:102  0:000   The CPU supported turbo
0:102  0:000  MSR 0x35               40008
0:102  0:000   TSC/CCC Information Leaf:
0:102  0:000    numerator     : 192
0:102  0:000    denominator   : 2
0:102  0:000   Calibrated ARTFrequency: 24003657
0:102  0:000   Rounded ARTFrequency: 24000000
0:102  0:000  MSR 0xE2 before patch 1E008008
0:102  0:000  MSR 0xE2 is locked, PM patches will be turned on
0:102  0:000  MSR 0xCE              0204043B_F1011700
0:102  0:000  corrected FLEX_RATIO = 0
0:102  0:000  MSR 0x1B0             00000000
0:102  0:000  FSBFrequency = 100 MHz, DMI FSBFrequency = 100 MHz, Corrected FSBFrequency = 100 MHz
0:102  0:000  MaxDiv/MinDiv: 23.0/4
0:102  0:000  Turbo: 36/37/38/38
0:102  0:000  Features: 0xBFEBFBFF
0:102  0:000  Threads: 8
0:102  0:000  Cores: 4
0:102  0:000  FSB: 100 MHz
0:102  0:000  CPU: 2300 MHz
0:102  0:000  TSC: 2300 MHz
0:102  0:000  PIS: 100 MHz
0:102  0:000  ExternalClock: 25 MHz
0:102  0:000  === [ GetDevices ] ========================================
0:102  0:000  GOP found at: PciRoot(0x0)/Pci(0x2,0x0)/AcpiAdr(0x80010100)
0:102  0:000  PCI (00|00:00.00) : 8086 3ED0 class=060000
0:102  0:000  PCI (00|00:02.00) : 8086 3EA5 class=030000
0:102  0:000   - GOP: Provided by device
0:102  0:000   - GFX: Model=Intel Iris Plus Graphics 655 (Intel)
0:102  0:000  PCI (00|00:08.00) : 8086 1911 class=088000
0:102  0:000  PCI (00|00:12.00) : 8086 9DF9 class=118000
0:102  0:000  PCI (00|00:14.00) : 8086 9DED class=0C0330
0:102  0:000  PCI (00|00:14.02) : 8086 9DEF class=050000
0:102  0:000  PCI (00|00:16.00) : 8086 9DE0 class=078000
0:102  0:000  PCI (00|00:17.00) : 8086 9DD3 class=010601
0:102  0:000  PCI (00|00:1C.00) : 8086 9DB8 class=060400
0:102  0:000  PCI (00|00:1C.04) : 8086 9DBC class=060400
0:102  0:000  PCI (00|00:1D.00) : 8086 9DB0 class=060400
0:102  0:000  PCI (00|00:1D.06) : 8086 9DB6 class=060400
0:102  0:000  PCI (00|6E:00.00) : 10EC 522A class=FF0000
0:102  0:000  PCI (00|00:1F.00) : 8086 9D84 class=060100
0:102  0:000  PCI (00|00:1F.03) : 8086 9DC8 class=040380
0:102  0:000  PCI (00|00:1F.04) : 8086 9DA3 class=0C0500
0:102  0:000  PCI (00|00:1F.05) : 8086 9DA4 class=0C8000
0:102  0:000  PCI (00|00:1F.06) : 8086 15BE class=020000
0:102  0:000   - LAN: 0 Vendor=Intel
0:102  0:000  === [ GetDefaultSettings ] ================================
0:102  0:000  Clover load options size = 0 bytes
0:123  0:021  CheckOEMPathExists tried EFI\CLOVER\OEM\NUC8i5BEH--00-00-00-00-00-00. Dir not exists
0:124  0:000  CheckOEMPathExists tried EFI\CLOVER\OEM\NUC8BEB\UEFI. Dir not exists
0:124  0:000  CheckOEMPathExists tried EFI\CLOVER\OEM\NUC8i5BEH. Dir not exists
0:125  0:000  CheckOEMPathExists tried EFI\CLOVER\OEM\NUC8i5BEH-2300. Dir not exists
0:125  0:000  CheckOEMPathExists tried EFI\CLOVER\OEM\NUC8BEB. Dir not exists
0:126  0:000  CheckOEMPathExists tried EFI\CLOVER\OEM\NUC8BEB-2300. Dir not exists
0:126  0:000  set OEMPath by default: EFI\CLOVER
0:145  0:018  EFI\CLOVER\config.plist loaded: Success
0:145  0:000  === [ GetListOfThemes ] ===================================
0:157  0:012  - [00]: black_green
0:172  0:014  - [01]: El Capitan
0:189  0:016  - [02]: embedded
0:190  0:001  - [02]: random
0:201  0:010  - [02]: Retina
0:212  0:011  - [03]: SimpleThemeDark
0:223  0:010  === [ Found config plists ] ===============================
0:224  0:001  - config„o,.plist
0:225  0:001  - config.plist
0:226  0:000  === [ GetEarlyUserSettings ] ==============================
0:226  0:000  timeout set to 5
0:226  0:000  Custom boot CUSTOM_BOOT_DISABLED (0x0)
0:226  0:000  KernelToPatch: 3 requested
0:226  0:000   - [00]: MSR 0xE2 _xcpm_idle instant reboot(c) Pike R. Alpha :: data len: 8
0:226  0:000   - [01]: Disable panic kext logging on 10.13 release kernel (credit vit9696) :: MatchOS: 10.13.x :: data len: 6
0:226  0:000   - [02]: Disable panic kext logging on 10.14 release kernel (credit vit9696) :: MatchOS: 10.14.x :: data len: 6
0:226  0:000  Default theme: Retina
0:226  0:000  Hiding entries with string Preboot
0:226  0:000  Hiding entries with string Recovery
0:226  0:000  === [ LoadDrivers ] =======================================
0:238  0:011  Loading ApfsDriverLoader.efi  status=Success
0:395  0:156   - driver needs connecting
0:395  0:000  Loading AptioMemoryFix.efi  status=Success
0:558  0:163  Loading DataHubDxe.efi  status=Success
0:714  0:156  Loading EmuVariableUefi.efi  status=Success
0:869  0:155  EmuVariableUefi Initialize: VariableCommonInitialize = Success, orig services stored, install gEmuVariableControlProtocolGuid = Success
0:870  0:000  Loading FSInject.efi  status=Success
1:025  0:155  Loading HFSPlus.efi  status=Success
1:180  0:154   - driver needs connecting
1:180  0:000  Loading SMCHelper.efi  status=Success
1:346  0:165  Loading Test2-2016.efi  status=Success
1:501  0:155  2 drivers needs connecting ...
1:501  0:000  PlatformDriverOverrideProtocol not found. Installing ... Success
1:501  0:000  HFS+ driver loaded
1:501  0:000  APFS driver loaded
1:501  0:000  Searching for invalid DiskIo BY_DRIVER connects: not found, all ok
2:412  0:910  EmuVariable InstallEmulation: orig vars copied, emu.var.services installed, CreateEvent VirtualAddressChange = Success, CreateEvent ExitBootServices = Success, set Status=Success
2:451  0:039  === [ InitScreen ] ========================================
2:451  0:000  Console modes reported: 7, available modes:
2:451  0:000   - [01]: 240x56 (current mode)
2:451  0:000   - [02]: 80x50
2:451  0:000   - [03]: 100x31
2:451  0:000   - [06]: 128x40
2:451  0:000   - [07]: 80x25
2:451  0:000  SetScreenResolution: 1920x1080 - already set
2:451  0:000  reinit: self device path=PciRoot(0x0)\Pci(0x17,0x0)\Sata(0x2,0xFFFF,0x0)\HD(5,GPT,74DD48A5-3877-40C8-9584-AF1B3CD66D7B,0x3A2BE800,0xC7800)
2:453  0:002  === [ GetMacAddress ] =====================================
2:453  0:000  === [ ScanSPD ] ===========================================
2:453  0:000  Scanning SMBus [8086:9DA3], mmio: 0x4AC12004, ioport: 0xEFA0, hostc: 0x11
2:472  0:018  Slot: 0 Type 26 8192MB 2400MHz Vendor=Kingston PartNo=99P5700-002.A00G SerialNo=000209080D05060B
2:473  0:001  === [ GetAcpiTablesList ] =================================
2:473  0:000  Get Acpi Tables List from RSDT:
2:473  0:000   - [00]: FACP  NUC8i5BE len=132
2:473  0:000   - [01]: APIC  NUC8i5BE len=188
2:473  0:000   - [02]: FPDT  NUC8i5BE len=68
2:473  0:000   - [03]: FIDT  NUC8i5BE len=156
2:473  0:000   - [04]: MCFG  NUC8i5BE len=60
2:473  0:000   - [05]: SSDT  NUC8i5BE len=6940
2:473  0:000   - [06]: SSDT  NUC8i5BE len=12742
2:473  0:000   - [07]: HPET  NUC8i5BE len=56
2:473  0:000   - [08]: SSDT  NUC8i5BE len=4014
2:473  0:000   - [09]: SSDT  NUC8i5BE len=12360
2:473  0:000   - [10]: UEFI  NUC8i5BE len=66
2:473  0:000   - [11]: LPIT  NUC8i5BE len=148
2:473  0:000   - [12]: SSDT  NUC8i5BE len=10206
2:473  0:000   - [13]: SSDT  NUC8i5BE len=2232
2:473  0:000   - [14]: DBGP  NUC8i5BE len=52
2:473  0:000   - [15]: DBG2  NUC8i5BE len=84
2:473  0:000   - [16]: SSDT  NUC8i5BE len=324
2:473  0:000   - [17]: NHLT  NUC8i5BE len=45
2:473  0:000   - [18]: BGRT  NUC8i5BE len=56
2:473  0:000   - [19]: TPM2  NUC8i5BE len=52
2:473  0:000   - [20]: WSMT  NUC8i5BE len=40
2:473  0:000  Calibrated TSC Frequency = 2304351160 = 2304MHz
2:473  0:000  === [ GetUserSettings ] ===================================
2:473  0:000  Add 4 devices:
2:473  0:000  USB FixOwnership: no
2:473  0:000   - final DSDT Fix mask=00000000
2:473  0:000  PatchesDSDT: 8 requested
2:473  0:000   - [00]: (change _OSI to XOSI) lenToFind: 4, lenToReplace: 4, Target Bridge: <null string>
2:473  0:000   - [01]: (change H_EC to EC) lenToFind: 4, lenToReplace: 4, Target Bridge: <null string>
2:473  0:000   - [02]: (change GFX0 to IGPU) lenToFind: 4, lenToReplace: 4, Target Bridge: <null string>
2:473  0:000   - [03]: (change HECI to IMEI) lenToFind: 4, lenToReplace: 4, Target Bridge: <null string>
2:473  0:000   - [04]: (change SAT0 to SATA) lenToFind: 4, lenToReplace: 4, Target Bridge: <null string>
2:473  0:000   - [05]: (change _DSM to XDSM) lenToFind: 4, lenToReplace: 4, Target Bridge: <null string>
2:473  0:000   - [06]: (change XDCI._STA to XDCI.XSTA) lenToFind: 4, lenToReplace: 4, Target Bridge: XDCI
2:473  0:000   - [07]: (Fix NUC BIOS DSDT Device(RTC)) lenToFind: 8, lenToReplace: 8, Target Bridge: <null string>
2:473  0:000  Using ProductName from config: iMac18,1
2:473  0:000  Using latest BiosVersion from clover
2:473  0:000  BiosVersion: IM181.88Z.F000.B00.1910301943
2:473  0:000  BiosReleaseDate: 10/30/2019
2:473  0:000  Using latest EfiVersion from clover: 179.0.0.0.0
2:473  0:000  Using FirmwareFeatures from config: 0xFC0FE137
2:473  0:000  Using FirmwareFeaturesMask from config: 0xFF1FFF3F
2:473  0:000  Board-ID set from config as Mac-4B682C642B45593E
2:473  0:000  BoardType: 0xA
2:473  0:000  ChassisType: 0x9
2:473  0:000  Converted CustomUUID 1E58914B-6EEA-50E8-9392-94C691A8A3B0
2:475  0:002  === [ Found DSDT tables ] =================================
3:649  1:173  === [ ScanVolumes ] =======================================
3:649  0:000  Found 14 volumes with blockIO
3:649  0:000  - [00]: Volume: PciRoot(0x0)\Pci(0x14,0x0)\USB(0x0,0x0)
3:649  0:000          Result of bootcode detection: bootable unknown (legacy)
3:649  0:000          USB volume
3:649  0:000  - [01]: Volume: PciRoot(0x0)\Pci(0x14,0x0)\USB(0x0,0x0)\HD(1,GPT,1F9B68A2-0AE3-44C8-A8AC-42424330DE59,0x15E044,0x1B87F9B)
3:650  0:000          Result of bootcode detection: bootable Windows (vista,win)
3:650  0:000          USB volume
3:650  0:000  - [02]: Volume: PciRoot(0x0)\Pci(0x17,0x0)\Sata(0x2,0xFFFF,0x0)
3:687  0:036  - [03]: Volume: PciRoot(0x0)\Pci(0x17,0x0)\Sata(0x2,0xFFFF,0x0)\HD(1,GPT,B833A3D5-DF7F-45E1-A8E6-2577D0ED3D0E,0x40,0xCA00FC0)
3:687  0:000  - [04]: Volume: PciRoot(0x0)\Pci(0x17,0x0)\Sata(0x2,0xFFFF,0x0)\HD(2,GPT,DB7CD4E8-0096-4C3E-A6EF-335E2BDD44CD,0xCA01000,0xCA00800)
3:700  0:012          Result of bootcode detection: bootable Windows (vista,win)
3:700  0:000  - [05]: Volume: PciRoot(0x0)\Pci(0x17,0x0)\Sata(0x2,0xFFFF,0x0)\HD(3,GPT,E8F3C097-B807-4593-A12F-BFF61BB14C77,0x25E03000,0xA27D800)
3:723  0:023          Result of bootcode detection: bootable unknown (legacy)
3:723  0:000  - [06]: Volume: PciRoot(0x0)\Pci(0x17,0x0)\Sata(0x2,0xFFFF,0x0)\HD(4,GPT,B5530F4A-7177-4BA7-9C65-73B1430A3A6E,0x30080800,0xA1FE000)
3:724  0:000  - [07]: Volume: PciRoot(0x0)\Pci(0x17,0x0)\Sata(0x2,0xFFFF,0x0)\HD(5,GPT,74DD48A5-3877-40C8-9584-AF1B3CD66D7B,0x3A2BE800,0xC7800)
3:724  0:000          Result of bootcode detection: bootable Windows (vista,win)
3:746  0:021          This is SelfVolume !!
3:746  0:000  - [08]: Volume: PciRoot(0x0)\Pci(0x1D,0x6)\Pci(0x0,0x0)
3:746  0:000  - [09]: Volume: PciRoot(0x0)\Pci(0x17,0x0)\Sata(0x2,0xFFFF,0x0)\HD(3,GPT,E8F3C097-B807-4593-A12F-BFF61BB14C77,0x25E03000,0xA27D800)\VenMedia(BE74FCF7-0B7C-49F3-9147-01F4042E6842,277598577969214DA56C87DCF6C9ECAA)
3:746  0:000          hiding this volume
3:746  0:000  - [10]: Volume: PciRoot(0x0)\Pci(0x17,0x0)\Sata(0x2,0xFFFF,0x0)\HD(3,GPT,E8F3C097-B807-4593-A12F-BFF61BB14C77,0x25E03000,0xA27D800)\VenMedia(BE74FCF7-0B7C-49F3-9147-01F4042E6842,C5D922DEF32970429531C2C7E39E209D)
3:746  0:000  - [11]: Volume: PciRoot(0x0)\Pci(0x17,0x0)\Sata(0x2,0xFFFF,0x0)\HD(3,GPT,E8F3C097-B807-4593-A12F-BFF61BB14C77,0x25E03000,0xA27D800)\VenMedia(BE74FCF7-0B7C-49F3-9147-01F4042E6842,D3BE366E9FFBF54BB4F3D48024B94C08)
3:747  0:000          hiding this volume
3:747  0:000  - [12]: Volume: PciRoot(0x0)\Pci(0x17,0x0)\Sata(0x2,0xFFFF,0x0)\HD(3,GPT,E8F3C097-B807-4593-A12F-BFF61BB14C77,0x25E03000,0xA27D800)\VenMedia(BE74FCF7-0B7C-49F3-9147-01F4042E6842,2C75CD7424BA1948986538EB4DA3BA1C)
3:747  0:000  - [13]: Volume: PciRoot(0x0)\Pci(0x17,0x0)\Sata(0x2,0xFFFF,0x0)\HD(3,GPT,E8F3C097-B807-4593-A12F-BFF61BB14C77,0x25E03000,0xA27D800)\VenMedia(BE74FCF7-0B7C-49F3-9147-01F4042E6842,FCDFA41F07922F439B8D894A5681FB27)
3:748  0:001  PutNvramPlistToRtVars: nvram.plist not found
3:748  0:000  No AudioIoProtocols, status=Not Found
3:748  0:000  === [ InitTheme ] =========================================
3:748  0:000  use night theme
3:762  0:013  Using theme 'Retina' (EFI\CLOVER\themes\Retina)
3:762  0:000  OS main and drive as badge
3:772  0:010    Channels: 1  Sample rate: 44100 Hz  Bits: 16
3:772  0:000  output to channel 0 with volume 70, len=228736
3:773  0:000   sound channels=1 bits=16 freq=44100
3:773  0:000  not found AudioIo to play
3:773  0:000  free sound
3:773  0:000  sound play end with status=Not Found
3:791  0:018    Channels: 1  Sample rate: 44100 Hz  Bits: 16
3:791  0:000  output to channel 0 with volume 70, len=228736
3:791  0:000   sound channels=1 bits=16 freq=44100
3:791  0:000  not found AudioIo to play
3:791  0:000  free sound
3:791  0:000  sound play end with status=Not Found
3:801  0:009  Loading font from ThemeDir: Success
3:801  0:000  theme inited
3:801  0:000  Chosen theme Retina
3:801  0:000  after NVRAM boot-args=dart=0 darkwake=0 slide=0
3:801  0:000  === [ Dump SMC keys from NVRAM ] ==========================
3:801  0:000  found AppleSMC protocol
3:802  0:000  Registered 0 SMC keys
3:802  0:000  === [ ScanLoader ] ========================================
3:802  0:000  - [01]: ''
3:857  0:055  - [04]: 'oö'
3:908  0:051  - [06]: 'Æ‘'
3:961  0:052  - [07]: 'ÐÂ¼Ó¾í'
3:969  0:007          AddLoaderEntry for Volume Name=ÐÂ¼Ó¾í
4:046  0:076          AddLoaderEntry for Volume Name=ÐÂ¼Ó¾í
4:046  0:000          skipped because entry is hidden
4:046  0:000  - [09]: 'Preboot', hidden
4:046  0:000  - [10]: 'Mia - Ç™'
4:165  0:118  - [11]: 'Recovery', hidden
4:165  0:000  - [12]: 'VM'
4:216  0:051  - [13]: 'Mia'
4:541  0:324          AddLoaderEntry for Volume Name=Mia
4:577  0:035      hibernated: set as never
4:635  0:058  === [ AddCustomTool ] =====================================
4:662  0:026  found tool \EFI\CLOVER\tools\Shell64U.efi
4:662  0:000  Checking EFI partition Volume 7 for Clover
4:668  0:006  EmuVariable InstallEmulation: EFI_ALREADY_STARTED
4:668  0:000  === [ GetEfiBootDeviceFromNvram ] =========================
4:668  0:000  Default boot entry not found
4:668  0:000  EmuVariable UninstallEmulation: CloseEvent = Success, original var services restored
4:668  0:000  DefaultIndex=-1 and MainMenu.EntryCount=7
5:647  0:978  GUI ready
7:250  1:603  exit from MainMenu 2
7:569  0:319  ReinitSelfLib after theme change
7:569  0:000  reinit: self device path=PciRoot(0x0)\Pci(0x17,0x0)\Sata(0x2,0xFFFF,0x0)\HD(5,GPT,74DD48A5-3877-40C8-9584-AF1B3CD66D7B,0x3A2BE800,0xC7800)
7:572  0:002  === [ ScanVolumes ] =======================================
7:572  0:000  Found 14 volumes with blockIO
7:572  0:000  - [00]: Volume: PciRoot(0x0)\Pci(0x14,0x0)\USB(0x0,0x0)
7:573  0:000          Result of bootcode detection: bootable unknown (legacy)
7:573  0:000          USB volume
7:573  0:000  - [01]: Volume: PciRoot(0x0)\Pci(0x14,0x0)\USB(0x0,0x0)\HD(1,GPT,1F9B68A2-0AE3-44C8-A8AC-42424330DE59,0x15E044,0x1B87F9B)
7:573  0:000          Result of bootcode detection: bootable Windows (vista,win)
7:573  0:000          USB volume
7:574  0:000  - [02]: Volume: PciRoot(0x0)\Pci(0x17,0x0)\Sata(0x2,0xFFFF,0x0)
7:574  0:000  - [03]: Volume: PciRoot(0x0)\Pci(0x17,0x0)\Sata(0x2,0xFFFF,0x0)\HD(1,GPT,B833A3D5-DF7F-45E1-A8E6-2577D0ED3D0E,0x40,0xCA00FC0)
7:575  0:000  - [04]: Volume: PciRoot(0x0)\Pci(0x17,0x0)\Sata(0x2,0xFFFF,0x0)\HD(2,GPT,DB7CD4E8-0096-4C3E-A6EF-335E2BDD44CD,0xCA01000,0xCA00800)
7:575  0:000          Result of bootcode detection: bootable Windows (vista,win)
7:575  0:000  - [05]: Volume: PciRoot(0x0)\Pci(0x17,0x0)\Sata(0x2,0xFFFF,0x0)\HD(3,GPT,E8F3C097-B807-4593-A12F-BFF61BB14C77,0x25E03000,0xA27D800)
7:595  0:019          Result of bootcode detection: bootable unknown (legacy)
7:595  0:000  - [06]: Volume: PciRoot(0x0)\Pci(0x17,0x0)\Sata(0x2,0xFFFF,0x0)\HD(4,GPT,B5530F4A-7177-4BA7-9C65-73B1430A3A6E,0x30080800,0xA1FE000)
7:595  0:000  - [07]: Volume: PciRoot(0x0)\Pci(0x17,0x0)\Sata(0x2,0xFFFF,0x0)\HD(5,GPT,74DD48A5-3877-40C8-9584-AF1B3CD66D7B,0x3A2BE800,0xC7800)
7:596  0:000          Result of bootcode detection: bootable Windows (vista,win)
7:596  0:000          This is SelfVolume !!
7:596  0:000  - [08]: Volume: PciRoot(0x0)\Pci(0x1D,0x6)\Pci(0x0,0x0)
7:596  0:000  - [09]: Volume: PciRoot(0x0)\Pci(0x17,0x0)\Sata(0x2,0xFFFF,0x0)\HD(3,GPT,E8F3C097-B807-4593-A12F-BFF61BB14C77,0x25E03000,0xA27D800)\VenMedia(BE74FCF7-0B7C-49F3-9147-01F4042E6842,277598577969214DA56C87DCF6C9ECAA)
7:597  0:000          hiding this volume
7:597  0:000  - [10]: Volume: PciRoot(0x0)\Pci(0x17,0x0)\Sata(0x2,0xFFFF,0x0)\HD(3,GPT,E8F3C097-B807-4593-A12F-BFF61BB14C77,0x25E03000,0xA27D800)\VenMedia(BE74FCF7-0B7C-49F3-9147-01F4042E6842,C5D922DEF32970429531C2C7E39E209D)
7:597  0:000  - [11]: Volume: PciRoot(0x0)\Pci(0x17,0x0)\Sata(0x2,0xFFFF,0x0)\HD(3,GPT,E8F3C097-B807-4593-A12F-BFF61BB14C77,0x25E03000,0xA27D800)\VenMedia(BE74FCF7-0B7C-49F3-9147-01F4042E6842,D3BE366E9FFBF54BB4F3D48024B94C08)
7:597  0:000          hiding this volume
7:597  0:000  - [12]: Volume: PciRoot(0x0)\Pci(0x17,0x0)\Sata(0x2,0xFFFF,0x0)\HD(3,GPT,E8F3C097-B807-4593-A12F-BFF61BB14C77,0x25E03000,0xA27D800)\VenMedia(BE74FCF7-0B7C-49F3-9147-01F4042E6842,2C75CD7424BA1948986538EB4DA3BA1C)
7:597  0:000  - [13]: Volume: PciRoot(0x0)\Pci(0x17,0x0)\Sata(0x2,0xFFFF,0x0)\HD(3,GPT,E8F3C097-B807-4593-A12F-BFF61BB14C77,0x25E03000,0xA27D800)\VenMedia(BE74FCF7-0B7C-49F3-9147-01F4042E6842,FCDFA41F07922F439B8D894A5681FB27)
7:598  0:000  PutNvramPlistToRtVars: nvram.plist not found
7:598  0:000  No AudioIoProtocols, status=Not Found
7:598  0:000  theme inited
7:598  0:000  Chosen theme Retina
7:598  0:000  after NVRAM boot-args=dart=0 darkwake=0 slide=0
7:598  0:000  === [ ScanLoader ] ========================================
7:598  0:000  - [01]: ''
7:649  0:051  - [04]: 'oö'
7:700  0:051  - [06]: 'Æ‘'
7:753  0:052  - [07]: 'ÐÂ¼Ó¾í'
7:761  0:007          AddLoaderEntry for Volume Name=ÐÂ¼Ó¾í
7:836  0:074          AddLoaderEntry for Volume Name=ÐÂ¼Ó¾í
7:836  0:000          skipped because entry is hidden
7:836  0:000  - [09]: 'Preboot', hidden
7:836  0:000  - [10]: 'Mia - Ç™'
7:887  0:051  - [11]: 'Recovery', hidden
7:887  0:000  - [12]: 'VM'
7:939  0:051  - [13]: 'Mia'
7:939  0:000          AddLoaderEntry for Volume Name=Mia
7:941  0:001      hibernated: set as never
7:996  0:055  === [ AddCustomTool ] =====================================
7:997  0:001  found tool \EFI\CLOVER\tools\Shell64U.efi
7:997  0:000  Checking EFI partition Volume 7 for Clover
7:999  0:001  EmuVariable InstallEmulation: orig vars copied, emu.var.services installed, CreateEvent VirtualAddressChange = Success, CreateEvent ExitBootServices = Success, set Status=Success
8:039  0:040  === [ GetEfiBootDeviceFromNvram ] =========================
8:039  0:000  Default boot entry not found
8:039  0:000  EmuVariable UninstallEmulation: CloseEvent = Success, original var services restored
8:039  0:000  DefaultIndex=-1 and MainMenu.EntryCount=7
